# JRE version: Java(TM) SE Runtime Environment (8.0_181-b13) (build 1.8.0_181-b13)
# Java VM: Java HotSpot(TM) 64-Bit Server VM (25.181-b13 mixed mode bsd-amd64 compressed oops)
Heap:
 par new generation   total 306688K, used 279824K [0x0000000780000000, 0x0000000794cc0000, 0x0000000794cc0000)
  eden space 272640K,  93% used [0x0000000780000000, 0x000000078f8d1c48, 0x0000000790a40000)
  from space 34048K,  73% used [0x0000000790a40000, 0x00000007922b23c8, 0x0000000792b80000)
  to   space 34048K,   0% used [0x0000000792b80000, 0x0000000792b80000, 0x0000000794cc0000)
 concurrent mark-sweep generation total 707840K, used 112269K [0x0000000794cc0000, 0x00000007c0000000, 0x00000007c0000000)
 Metaspace       used 32540K, capacity 32791K, committed 32984K, reserved 1079296K
  class space    used 3685K, capacity 3774K, committed 3812K, reserved 1048576K
GC Heap History (10 events):
Event: 106.313 GC heap before
{Heap before GC invocations=8 (full 6):
 par new generation   total 306688K, used 303031K [0x0000000780000000, 0x0000000794cc0000, 0x0000000794cc0000)
  eden space 272640K, 100% used [0x0000000780000000, 0x0000000790a40000, 0x0000000790a40000)
  from space 34048K,  89% used [0x0000000792b80000, 0x000000079492dc58, 0x0000000794cc0000)
  to   space 34048K,   0% used [0x0000000790a40000, 0x0000000790a40000, 0x0000000792b80000)
 concurrent mark-sweep generation total 707840K, used 94897K [0x0000000794cc0000, 0x00000007c0000000, 0x00000007c0000000)
 Metaspace       used 32135K, capacity 32395K, committed 32728K, reserved 1079296K
  class space    used 3681K, capacity 3772K, committed 3812K, reserved 1048576K
Event: 106.372 GC heap after
Heap after GC invocations=9 (full 6):
 par new generation   total 306688K, used 34048K [0x0000000780000000, 0x0000000794cc0000, 0x0000000794cc0000)
  eden space 272640K,   0% used [0x0000000780000000, 0x0000000780000000, 0x0000000790a40000)
  from space 34048K, 100% used [0x0000000790a40000, 0x0000000792b80000, 0x0000000792b80000)
  to   space 34048K,   0% used [0x0000000792b80000, 0x0000000792b80000, 0x0000000794cc0000)
 concurrent mark-sweep generation total 707840K, used 103984K [0x0000000794cc0000, 0x00000007c0000000, 0x00000007c0000000)
 Metaspace       used 32135K, capacity 32395K, committed 32728K, reserved 1079296K
  class space    used 3681K, capacity 3772K, committed 3812K, reserved 1048576K
}
Event: 176.204 GC heap before
{Heap before GC invocations=9 (full 6):
 par new generation   total 306688K, used 306688K [0x0000000780000000, 0x0000000794cc0000, 0x0000000794cc0000)
  eden space 272640K, 100% used [0x0000000780000000, 0x0000000790a40000, 0x0000000790a40000)
  from space 34048K, 100% used [0x0000000790a40000, 0x0000000792b80000, 0x0000000792b80000)
  to   space 34048K,   0% used [0x0000000792b80000, 0x0000000792b80000, 0x0000000794cc0000)
 concurrent mark-sweep generation total 707840K, used 95717K [0x0000000794cc0000, 0x00000007c0000000, 0x00000007c0000000)
 Metaspace       used 32172K, capacity 32459K, committed 32728K, reserved 1079296K
  class space    used 3681K, capacity 3772K, committed 3812K, reserved 1048576K
Event: 176.293 GC heap after
Heap after GC invocations=10 (full 6):
 par new generation   total 306688K, used 26426K [0x0000000780000000, 0x0000000794cc0000, 0x0000000794cc0000)
  eden space 272640K,   0% used [0x0000000780000000, 0x0000000780000000, 0x0000000790a40000)
  from space 34048K,  77% used [0x0000000792b80000, 0x000000079454e8a0, 0x0000000794cc0000)
  to   space 34048K,   0% used [0x0000000790a40000, 0x0000000790a40000, 0x0000000792b80000)
 concurrent mark-sweep generation total 707840K, used 112269K [0x0000000794cc0000, 0x00000007c0000000, 0x00000007c0000000)
 Metaspace       used 32172K, capacity 32459K, committed 32728K, reserved 1079296K
  class space    used 3681K, capacity 3772K, committed 3812K, reserved 1048576K
}
Event: 249.961 GC heap before
{Heap before GC invocations=10 (full 6):
 par new generation   total 306688K, used 299066K [0x0000000780000000, 0x0000000794cc0000, 0x0000000794cc0000)
  eden space 272640K, 100% used [0x0000000780000000, 0x0000000790a40000, 0x0000000790a40000)
  from space 34048K,  77% used [0x0000000792b80000, 0x000000079454e8a0, 0x0000000794cc0000)
  to   space 34048K,   0% used [0x0000000790a40000, 0x0000000790a40000, 0x0000000792b80000)
 concurrent mark-sweep generation total 707840K, used 112269K [0x0000000794cc0000, 0x00000007c0000000, 0x00000007c0000000)
 Metaspace       used 32188K, capacity 32459K, committed 32728K, reserved 1079296K
  class space    used 3681K, capacity 3772K, committed 3812K, reserved 1048576K
Event: 249.970 GC heap after
Heap after GC invocations=11 (full 6):
 par new generation   total 306688K, used 19490K [0x0000000780000000, 0x0000000794cc0000, 0x0000000794cc0000)
  eden space 272640K,   0% used [0x0000000780000000, 0x0000000780000000, 0x0000000790a40000)
  from space 34048K,  57% used [0x0000000790a40000, 0x0000000791d48b88, 0x0000000792b80000)
  to   space 34048K,   0% used [0x0000000792b80000, 0x0000000792b80000, 0x0000000794cc0000)
 concurrent mark-sweep generation total 707840K, used 112269K [0x0000000794cc0000, 0x00000007c0000000, 0x00000007c0000000)
 Metaspace       used 32188K, capacity 32459K, committed 32728K, reserved 1079296K
  class space    used 3681K, capacity 3772K, committed 3812K, reserved 1048576K
}
Event: 324.901 GC heap before
{Heap before GC invocations=11 (full 6):
 par new generation   total 306688K, used 292130K [0x0000000780000000, 0x0000000794cc0000, 0x0000000794cc0000)
  eden space 272640K, 100% used [0x0000000780000000, 0x0000000790a40000, 0x0000000790a40000)
  from space 34048K,  57% used [0x0000000790a40000, 0x0000000791d48b88, 0x0000000792b80000)
  to   space 34048K,   0% used [0x0000000792b80000, 0x0000000792b80000, 0x0000000794cc0000)
 concurrent mark-sweep generation total 707840K, used 112269K [0x0000000794cc0000, 0x00000007c0000000, 0x00000007c0000000)
 Metaspace       used 32215K, capacity 32459K, committed 32728K, reserved 1079296K
  class space    used 3682K, capacity 3772K, committed 3812K, reserved 1048576K
Event: 324.932 GC heap after
Heap after GC invocations=12 (full 6):
 par new generation   total 306688K, used 21108K [0x0000000780000000, 0x0000000794cc0000, 0x0000000794cc0000)
  eden space 272640K,   0% used [0x0000000780000000, 0x0000000780000000, 0x0000000790a40000)
  from space 34048K,  61% used [0x0000000792b80000, 0x000000079401d108, 0x0000000794cc0000)
  to   space 34048K,   0% used [0x0000000790a40000, 0x0000000790a40000, 0x0000000792b80000)
 concurrent mark-sweep generation total 707840K, used 112269K [0x0000000794cc0000, 0x00000007c0000000, 0x00000007c0000000)
 Metaspace       used 32215K, capacity 32459K, committed 32728K, reserved 1079296K
  class space    used 3682K, capacity 3772K, committed 3812K, reserved 1048576K
}
Event: 342.163 GC heap before
{Heap before GC invocations=12 (full 6):
 par new generation   total 306688K, used 293748K [0x0000000780000000, 0x0000000794cc0000, 0x0000000794cc0000)
  eden space 272640K, 100% used [0x0000000780000000, 0x0000000790a40000, 0x0000000790a40000)
  from space 34048K,  61% used [0x0000000792b80000, 0x000000079401d108, 0x0000000794cc0000)
  to   space 34048K,   0% used [0x0000000790a40000, 0x0000000790a40000, 0x0000000792b80000)
 concurrent mark-sweep generation total 707840K, used 112269K [0x0000000794cc0000, 0x00000007c0000000, 0x00000007c0000000)
 Metaspace       used 32253K, capacity 32523K, committed 32728K, reserved 1079296K
  class space    used 3682K, capacity 3772K, committed 3812K, reserved 1048576K
Event: 342.179 GC heap after
Heap after GC invocations=13 (full 6):
 par new generation   total 306688K, used 25032K [0x0000000780000000, 0x0000000794cc0000, 0x0000000794cc0000)
  eden space 272640K,   0% used [0x0000000780000000, 0x0000000780000000, 0x0000000790a40000)
  from space 34048K,  73% used [0x0000000790a40000, 0x00000007922b23c8, 0x0000000792b80000)
  to   space 34048K,   0% used [0x0000000792b80000, 0x0000000792b80000, 0x0000000794cc0000)
 concurrent mark-sweep generation total 707840K, used 112269K [0x0000000794cc0000, 0x00000007c0000000, 0x00000007c0000000)
 Metaspace       used 32253K, capacity 32523K, committed 32728K, reserved 1079296K
  class space    used 3682K, capacity 3772K, committed 3812K, reserved 1048576K
}

