# JRE version: Java(TM) SE Runtime Environment (8.0_181-b13) (build 1.8.0_181-b13)
# Java VM: Java HotSpot(TM) 64-Bit Server VM (25.181-b13 mixed mode bsd-amd64 compressed oops)
Heap:
 par new generation   total 306688K, used 259559K [0x000000011bc00000, 0x00000001308c0000, 0x00000001308c0000)
  eden space 272640K,  95% used [0x000000011bc00000, 0x000000012b979ff0, 0x000000012c640000)
  from space 34048K,   0% used [0x000000012c640000, 0x000000012c640000, 0x000000012e780000)
  to   space 34048K,   0% used [0x000000012e780000, 0x000000012e780000, 0x00000001308c0000)
 concurrent mark-sweep generation total 707840K, used 71551K [0x00000001308c0000, 0x000000015bc00000, 0x000000015bc00000)
 Metaspace       used 31503K, capacity 31743K, committed 31960K, reserved 1077248K
  class space    used 3683K, capacity 3770K, committed 3864K, reserved 1048576K
GC Heap History (10 events):
Event: 6.171 GC heap before
{Heap before GC invocations=0 (full 0):
 par new generation   total 306688K, used 272640K [0x000000011bc00000, 0x00000001308c0000, 0x00000001308c0000)
  eden space 272640K, 100% used [0x000000011bc00000, 0x000000012c640000, 0x000000012c640000)
  from space 34048K,   0% used [0x000000012c640000, 0x000000012c640000, 0x000000012e780000)
  to   space 34048K,   0% used [0x000000012e780000, 0x000000012e780000, 0x00000001308c0000)
 concurrent mark-sweep generation total 707840K, used 0K [0x00000001308c0000, 0x000000015bc00000, 0x000000015bc00000)
 Metaspace       used 26550K, capacity 26741K, committed 26864K, reserved 1073152K
  class space    used 3339K, capacity 3397K, committed 3404K, reserved 1048576K
Event: 6.211 GC heap after
Heap after GC invocations=1 (full 0):
 par new generation   total 306688K, used 28633K [0x000000011bc00000, 0x00000001308c0000, 0x00000001308c0000)
  eden space 272640K,   0% used [0x000000011bc00000, 0x000000011bc00000, 0x000000012c640000)
  from space 34048K,  84% used [0x000000012e780000, 0x0000000130376710, 0x00000001308c0000)
  to   space 34048K,   0% used [0x000000012c640000, 0x000000012c640000, 0x000000012e780000)
 concurrent mark-sweep generation total 707840K, used 0K [0x00000001308c0000, 0x000000015bc00000, 0x000000015bc00000)
 Metaspace       used 26550K, capacity 26741K, committed 26864K, reserved 1073152K
  class space    used 3339K, capacity 3397K, committed 3404K, reserved 1048576K
}
Event: 8.229 GC heap before
{Heap before GC invocations=1 (full 0):
 par new generation   total 306688K, used 301273K [0x000000011bc00000, 0x00000001308c0000, 0x00000001308c0000)
  eden space 272640K, 100% used [0x000000011bc00000, 0x000000012c640000, 0x000000012c640000)
  from space 34048K,  84% used [0x000000012e780000, 0x0000000130376710, 0x00000001308c0000)
  to   space 34048K,   0% used [0x000000012c640000, 0x000000012c640000, 0x000000012e780000)
 concurrent mark-sweep generation total 707840K, used 0K [0x00000001308c0000, 0x000000015bc00000, 0x000000015bc00000)
 Metaspace       used 27136K, capacity 27381K, committed 27604K, reserved 1073152K
  class space    used 3366K, capacity 3461K, committed 3480K, reserved 1048576K
Event: 8.331 GC heap after
Heap after GC invocations=2 (full 0):
 par new generation   total 306688K, used 12563K [0x000000011bc00000, 0x00000001308c0000, 0x00000001308c0000)
  eden space 272640K,   0% used [0x000000011bc00000, 0x000000011bc00000, 0x000000012c640000)
  from space 34048K,  36% used [0x000000012c640000, 0x000000012d284ee0, 0x000000012e780000)
  to   space 34048K,   0% used [0x000000012e780000, 0x000000012e780000, 0x00000001308c0000)
 concurrent mark-sweep generation total 707840K, used 24006K [0x00000001308c0000, 0x000000015bc00000, 0x000000015bc00000)
 Metaspace       used 27136K, capacity 27381K, committed 27604K, reserved 1073152K
  class space    used 3366K, capacity 3461K, committed 3480K, reserved 1048576K
}
Event: 10.293 GC heap before
{Heap before GC invocations=2 (full 1):
 par new generation   total 306688K, used 125115K [0x000000011bc00000, 0x00000001308c0000, 0x00000001308c0000)
  eden space 272640K,  41% used [0x000000011bc00000, 0x00000001229e9d40, 0x000000012c640000)
  from space 34048K,  36% used [0x000000012c640000, 0x000000012d284ee0, 0x000000012e780000)
  to   space 34048K,   0% used [0x000000012e780000, 0x000000012e780000, 0x00000001308c0000)
 concurrent mark-sweep generation total 707840K, used 24006K [0x00000001308c0000, 0x000000015bc00000, 0x000000015bc00000)
 Metaspace       used 27513K, capacity 27701K, committed 27860K, reserved 1073152K
  class space    used 3398K, capacity 3461K, committed 3480K, reserved 1048576K
Event: 10.418 GC heap after
Heap after GC invocations=3 (full 2):
 par new generation   total 306688K, used 0K [0x000000011bc00000, 0x00000001308c0000, 0x00000001308c0000)
  eden space 272640K,   0% used [0x000000011bc00000, 0x000000011bc00000, 0x000000012c640000)
  from space 34048K,   0% used [0x000000012c640000, 0x000000012c640000, 0x000000012e780000)
  to   space 34048K,   0% used [0x000000012e780000, 0x000000012e780000, 0x00000001308c0000)
 concurrent mark-sweep generation total 707840K, used 26043K [0x00000001308c0000, 0x000000015bc00000, 0x000000015bc00000)
 Metaspace       used 27513K, capacity 27701K, committed 27860K, reserved 1073152K
  class space    used 3398K, capacity 3461K, committed 3480K, reserved 1048576K
}
Event: 10.418 GC heap before
{Heap before GC invocations=3 (full 2):
 par new generation   total 306688K, used 0K [0x000000011bc00000, 0x00000001308c0000, 0x00000001308c0000)
  eden space 272640K,   0% used [0x000000011bc00000, 0x000000011bc00000, 0x000000012c640000)
  from space 34048K,   0% used [0x000000012c640000, 0x000000012c640000, 0x000000012e780000)
  to   space 34048K,   0% used [0x000000012e780000, 0x000000012e780000, 0x00000001308c0000)
 concurrent mark-sweep generation total 707840K, used 26043K [0x00000001308c0000, 0x000000015bc00000, 0x000000015bc00000)
 Metaspace       used 27513K, capacity 27701K, committed 27860K, reserved 1073152K
  class space    used 3398K, capacity 3461K, committed 3480K, reserved 1048576K
Event: 10.486 GC heap after
Heap after GC invocations=4 (full 3):
 par new generation   total 306688K, used 0K [0x000000011bc00000, 0x00000001308c0000, 0x00000001308c0000)
  eden space 272640K,   0% used [0x000000011bc00000, 0x000000011bc00000, 0x000000012c640000)
  from space 34048K,   0% used [0x000000012c640000, 0x000000012c640000, 0x000000012e780000)
  to   space 34048K,   0% used [0x000000012e780000, 0x000000012e780000, 0x00000001308c0000)
 concurrent mark-sweep generation total 707840K, used 26043K [0x00000001308c0000, 0x000000015bc00000, 0x000000015bc00000)
 Metaspace       used 27513K, capacity 27701K, committed 27860K, reserved 1073152K
  class space    used 3398K, capacity 3461K, committed 3480K, reserved 1048576K
}
Event: 12.106 GC heap before
{Heap before GC invocations=4 (full 3):
 par new generation   total 306688K, used 163620K [0x000000011bc00000, 0x00000001308c0000, 0x00000001308c0000)
  eden space 272640K,  60% used [0x000000011bc00000, 0x0000000125bc93e0, 0x000000012c640000)
  from space 34048K,   0% used [0x000000012c640000, 0x000000012c640000, 0x000000012e780000)
  to   space 34048K,   0% used [0x000000012e780000, 0x000000012e780000, 0x00000001308c0000)
 concurrent mark-sweep generation total 707840K, used 26043K [0x00000001308c0000, 0x000000015bc00000, 0x000000015bc00000)
 Metaspace       used 30148K, capacity 30381K, committed 30680K, reserved 1077248K
  class space    used 3664K, capacity 3767K, committed 3864K, reserved 1048576K
Event: 12.290 GC heap after
Heap after GC invocations=5 (full 4):
 par new generation   total 306688K, used 0K [0x000000011bc00000, 0x00000001308c0000, 0x00000001308c0000)
  eden space 272640K,   0% used [0x000000011bc00000, 0x000000011bc00000, 0x000000012c640000)
  from space 34048K,   0% used [0x000000012c640000, 0x000000012c640000, 0x000000012e780000)
  to   space 34048K,   0% used [0x000000012e780000, 0x000000012e780000, 0x00000001308c0000)
 concurrent mark-sweep generation total 707840K, used 71551K [0x00000001308c0000, 0x000000015bc00000, 0x000000015bc00000)
 Metaspace       used 30148K, capacity 30381K, committed 30680K, reserved 1077248K
  class space    used 3664K, capacity 3767K, committed 3864K, reserved 1048576K
}

