# JRE version: Java(TM) SE Runtime Environment (8.0_181-b13) (build 1.8.0_181-b13)
# Java VM: Java HotSpot(TM) 64-Bit Server VM (25.181-b13 mixed mode bsd-amd64 compressed oops)
Heap:
 par new generation   total 306688K, used 5791K [0x0000000780000000, 0x0000000794cc0000, 0x0000000794cc0000)
  eden space 272640K,   2% used [0x0000000780000000, 0x00000007805a7d08, 0x0000000790a40000)
  from space 34048K,   0% used [0x0000000790a40000, 0x0000000790a40000, 0x0000000792b80000)
  to   space 34048K,   0% used [0x0000000792b80000, 0x0000000792b80000, 0x0000000794cc0000)
 concurrent mark-sweep generation total 707840K, used 114522K [0x0000000794cc0000, 0x00000007c0000000, 0x00000007c0000000)
 Metaspace       used 33095K, capacity 33329K, committed 33624K, reserved 1079296K
  class space    used 3798K, capacity 3869K, committed 3988K, reserved 1048576K
GC Heap History (10 events):
Event: 9.311 GC heap before
{Heap before GC invocations=3 (full 2):
 par new generation   total 306688K, used 0K [0x0000000780000000, 0x0000000794cc0000, 0x0000000794cc0000)
  eden space 272640K,   0% used [0x0000000780000000, 0x0000000780000000, 0x0000000790a40000)
  from space 34048K,   0% used [0x0000000790a40000, 0x0000000790a40000, 0x0000000792b80000)
  to   space 34048K,   0% used [0x0000000792b80000, 0x0000000792b80000, 0x0000000794cc0000)
 concurrent mark-sweep generation total 707840K, used 26048K [0x0000000794cc0000, 0x00000007c0000000, 0x00000007c0000000)
 Metaspace       used 27506K, capacity 27637K, committed 27860K, reserved 1073152K
  class space    used 3402K, capacity 3461K, committed 3476K, reserved 1048576K
Event: 9.362 GC heap after
Heap after GC invocations=4 (full 3):
 par new generation   total 306688K, used 0K [0x0000000780000000, 0x0000000794cc0000, 0x0000000794cc0000)
  eden space 272640K,   0% used [0x0000000780000000, 0x0000000780000000, 0x0000000790a40000)
  from space 34048K,   0% used [0x0000000790a40000, 0x0000000790a40000, 0x0000000792b80000)
  to   space 34048K,   0% used [0x0000000792b80000, 0x0000000792b80000, 0x0000000794cc0000)
 concurrent mark-sweep generation total 707840K, used 26048K [0x0000000794cc0000, 0x00000007c0000000, 0x00000007c0000000)
 Metaspace       used 27506K, capacity 27637K, committed 27860K, reserved 1073152K
  class space    used 3402K, capacity 3461K, committed 3476K, reserved 1048576K
}
Event: 10.934 GC heap before
{Heap before GC invocations=4 (full 3):
 par new generation   total 306688K, used 145753K [0x0000000780000000, 0x0000000794cc0000, 0x0000000794cc0000)
  eden space 272640K,  53% used [0x0000000780000000, 0x0000000788e56420, 0x0000000790a40000)
  from space 34048K,   0% used [0x0000000790a40000, 0x0000000790a40000, 0x0000000792b80000)
  to   space 34048K,   0% used [0x0000000792b80000, 0x0000000792b80000, 0x0000000794cc0000)
 concurrent mark-sweep generation total 707840K, used 26048K [0x0000000794cc0000, 0x00000007c0000000, 0x00000007c0000000)
 Metaspace       used 30015K, capacity 30209K, committed 30424K, reserved 1075200K
  class space    used 3653K, capacity 3733K, committed 3860K, reserved 1048576K
Event: 11.088 GC heap after
Heap after GC invocations=5 (full 4):
 par new generation   total 306688K, used 0K [0x0000000780000000, 0x0000000794cc0000, 0x0000000794cc0000)
  eden space 272640K,   0% used [0x0000000780000000, 0x0000000780000000, 0x0000000790a40000)
  from space 34048K,   0% used [0x0000000790a40000, 0x0000000790a40000, 0x0000000792b80000)
  to   space 34048K,   0% used [0x0000000792b80000, 0x0000000792b80000, 0x0000000794cc0000)
 concurrent mark-sweep generation total 707840K, used 66147K [0x0000000794cc0000, 0x00000007c0000000, 0x00000007c0000000)
 Metaspace       used 30015K, capacity 30209K, committed 30424K, reserved 1075200K
  class space    used 3653K, capacity 3733K, committed 3860K, reserved 1048576K
}
Event: 12.948 GC heap before
{Heap before GC invocations=5 (full 5):
 par new generation   total 306688K, used 272640K [0x0000000780000000, 0x0000000794cc0000, 0x0000000794cc0000)
  eden space 272640K, 100% used [0x0000000780000000, 0x0000000790a40000, 0x0000000790a40000)
  from space 34048K,   0% used [0x0000000790a40000, 0x0000000790a40000, 0x0000000792b80000)
  to   space 34048K,   0% used [0x0000000792b80000, 0x0000000792b80000, 0x0000000794cc0000)
 concurrent mark-sweep generation total 707840K, used 66147K [0x0000000794cc0000, 0x00000007c0000000, 0x00000007c0000000)
 Metaspace       used 32081K, capacity 32369K, committed 32600K, reserved 1077248K
  class space    used 3791K, capacity 3869K, committed 3988K, reserved 1048576K
Event: 12.963 GC heap after
Heap after GC invocations=6 (full 5):
 par new generation   total 306688K, used 33838K [0x0000000780000000, 0x0000000794cc0000, 0x0000000794cc0000)
  eden space 272640K,   0% used [0x0000000780000000, 0x0000000780000000, 0x0000000790a40000)
  from space 34048K,  99% used [0x0000000792b80000, 0x0000000794c8b960, 0x0000000794cc0000)
  to   space 34048K,   0% used [0x0000000790a40000, 0x0000000790a40000, 0x0000000792b80000)
 concurrent mark-sweep generation total 707840K, used 66147K [0x0000000794cc0000, 0x00000007c0000000, 0x00000007c0000000)
 Metaspace       used 32081K, capacity 32369K, committed 32600K, reserved 1077248K
  class space    used 3791K, capacity 3869K, committed 3988K, reserved 1048576K
}
Event: 33.874 GC heap before
{Heap before GC invocations=6 (full 5):
 par new generation   total 306688K, used 306478K [0x0000000780000000, 0x0000000794cc0000, 0x0000000794cc0000)
  eden space 272640K, 100% used [0x0000000780000000, 0x0000000790a40000, 0x0000000790a40000)
  from space 34048K,  99% used [0x0000000792b80000, 0x0000000794c8b960, 0x0000000794cc0000)
  to   space 34048K,   0% used [0x0000000790a40000, 0x0000000790a40000, 0x0000000792b80000)
 concurrent mark-sweep generation total 707840K, used 64779K [0x0000000794cc0000, 0x00000007c0000000, 0x00000007c0000000)
 Metaspace       used 32864K, capacity 33073K, committed 33368K, reserved 1079296K
  class space    used 3793K, capacity 3869K, committed 3988K, reserved 1048576K
Event: 33.947 GC heap after
Heap after GC invocations=7 (full 5):
 par new generation   total 306688K, used 34048K [0x0000000780000000, 0x0000000794cc0000, 0x0000000794cc0000)
  eden space 272640K,   0% used [0x0000000780000000, 0x0000000780000000, 0x0000000790a40000)
  from space 34048K, 100% used [0x0000000790a40000, 0x0000000792b80000, 0x0000000792b80000)
  to   space 34048K,   0% used [0x0000000792b80000, 0x0000000792b80000, 0x0000000794cc0000)
 concurrent mark-sweep generation total 707840K, used 97981K [0x0000000794cc0000, 0x00000007c0000000, 0x00000007c0000000)
 Metaspace       used 32864K, capacity 33073K, committed 33368K, reserved 1079296K
  class space    used 3793K, capacity 3869K, committed 3988K, reserved 1048576K
}
Event: 70.534 GC heap before
{Heap before GC invocations=7 (full 6):
 par new generation   total 306688K, used 274203K [0x0000000780000000, 0x0000000794cc0000, 0x0000000794cc0000)
  eden space 272640K,  88% used [0x0000000780000000, 0x000000078ea86d78, 0x0000000790a40000)
  from space 34048K, 100% used [0x0000000790a40000, 0x0000000792b80000, 0x0000000792b80000)
  to   space 34048K,   0% used [0x0000000792b80000, 0x0000000792b80000, 0x0000000794cc0000)
 concurrent mark-sweep generation total 707840K, used 97981K [0x0000000794cc0000, 0x00000007c0000000, 0x00000007c0000000)
 Metaspace       used 33090K, capacity 33329K, committed 33624K, reserved 1079296K
  class space    used 3798K, capacity 3869K, committed 3988K, reserved 1048576K
Event: 70.846 GC heap after
Heap after GC invocations=8 (full 7):
 par new generation   total 306688K, used 0K [0x0000000780000000, 0x0000000794cc0000, 0x0000000794cc0000)
  eden space 272640K,   0% used [0x0000000780000000, 0x0000000780000000, 0x0000000790a40000)
  from space 34048K,   0% used [0x0000000790a40000, 0x0000000790a40000, 0x0000000792b80000)
  to   space 34048K,   0% used [0x0000000792b80000, 0x0000000792b80000, 0x0000000794cc0000)
 concurrent mark-sweep generation total 707840K, used 114522K [0x0000000794cc0000, 0x00000007c0000000, 0x00000007c0000000)
 Metaspace       used 33090K, capacity 33329K, committed 33624K, reserved 1079296K
  class space    used 3798K, capacity 3869K, committed 3988K, reserved 1048576K
}

