# JRE version: Java(TM) SE Runtime Environment (8.0_181-b13) (build 1.8.0_181-b13)
# Java VM: Java HotSpot(TM) 64-Bit Server VM (25.181-b13 mixed mode bsd-amd64 compressed oops)
Heap:
 par new generation   total 306688K, used 130163K [0x0000000780000000, 0x0000000794cc0000, 0x0000000794cc0000)
  eden space 272640K,  43% used [0x0000000780000000, 0x00000007872e1708, 0x0000000790a40000)
  from space 34048K,  36% used [0x0000000790a40000, 0x000000079167b7b8, 0x0000000792b80000)
  to   space 34048K,   0% used [0x0000000792b80000, 0x0000000792b80000, 0x0000000794cc0000)
 concurrent mark-sweep generation total 707840K, used 24032K [0x0000000794cc0000, 0x00000007c0000000, 0x00000007c0000000)
 Metaspace       used 27483K, capacity 27637K, committed 27860K, reserved 1073152K
  class space    used 3397K, capacity 3461K, committed 3532K, reserved 1048576K
GC Heap History (5 events):
Event: 5.008 GC heap before
{Heap before GC invocations=0 (full 0):
 par new generation   total 306688K, used 272640K [0x0000000780000000, 0x0000000794cc0000, 0x0000000794cc0000)
  eden space 272640K, 100% used [0x0000000780000000, 0x0000000790a40000, 0x0000000790a40000)
  from space 34048K,   0% used [0x0000000790a40000, 0x0000000790a40000, 0x0000000792b80000)
  to   space 34048K,   0% used [0x0000000792b80000, 0x0000000792b80000, 0x0000000794cc0000)
 concurrent mark-sweep generation total 707840K, used 0K [0x0000000794cc0000, 0x00000007c0000000, 0x00000007c0000000)
 Metaspace       used 26508K, capacity 26677K, committed 26864K, reserved 1073152K
  class space    used 3333K, capacity 3397K, committed 3404K, reserved 1048576K
Event: 5.047 GC heap after
Heap after GC invocations=1 (full 0):
 par new generation   total 306688K, used 28760K [0x0000000780000000, 0x0000000794cc0000, 0x0000000794cc0000)
  eden space 272640K,   0% used [0x0000000780000000, 0x0000000780000000, 0x0000000790a40000)
  from space 34048K,  84% used [0x0000000792b80000, 0x0000000794796158, 0x0000000794cc0000)
  to   space 34048K,   0% used [0x0000000790a40000, 0x0000000790a40000, 0x0000000792b80000)
 concurrent mark-sweep generation total 707840K, used 0K [0x0000000794cc0000, 0x00000007c0000000, 0x00000007c0000000)
 Metaspace       used 26508K, capacity 26677K, committed 26864K, reserved 1073152K
  class space    used 3333K, capacity 3397K, committed 3404K, reserved 1048576K
}
Event: 6.472 GC heap before
{Heap before GC invocations=1 (full 0):
 par new generation   total 306688K, used 301400K [0x0000000780000000, 0x0000000794cc0000, 0x0000000794cc0000)
  eden space 272640K, 100% used [0x0000000780000000, 0x0000000790a40000, 0x0000000790a40000)
  from space 34048K,  84% used [0x0000000792b80000, 0x0000000794796158, 0x0000000794cc0000)
  to   space 34048K,   0% used [0x0000000790a40000, 0x0000000790a40000, 0x0000000792b80000)
 concurrent mark-sweep generation total 707840K, used 0K [0x0000000794cc0000, 0x00000007c0000000, 0x00000007c0000000)
 Metaspace       used 27115K, capacity 27317K, committed 27604K, reserved 1073152K
  class space    used 3363K, capacity 3461K, committed 3532K, reserved 1048576K
Event: 6.560 GC heap after
Heap after GC invocations=2 (full 0):
 par new generation   total 306688K, used 12525K [0x0000000780000000, 0x0000000794cc0000, 0x0000000794cc0000)
  eden space 272640K,   0% used [0x0000000780000000, 0x0000000780000000, 0x0000000790a40000)
  from space 34048K,  36% used [0x0000000790a40000, 0x000000079167b7b8, 0x0000000792b80000)
  to   space 34048K,   0% used [0x0000000792b80000, 0x0000000792b80000, 0x0000000794cc0000)
 concurrent mark-sweep generation total 707840K, used 24032K [0x0000000794cc0000, 0x00000007c0000000, 0x00000007c0000000)
 Metaspace       used 27115K, capacity 27317K, committed 27604K, reserved 1073152K
  class space    used 3363K, capacity 3461K, committed 3532K, reserved 1048576K
}
Event: 7.919 GC heap before
{Heap before GC invocations=2 (full 1):
 par new generation   total 306688K, used 130163K [0x0000000780000000, 0x0000000794cc0000, 0x0000000794cc0000)
  eden space 272640K,  43% used [0x0000000780000000, 0x00000007872e1708, 0x0000000790a40000)
  from space 34048K,  36% used [0x0000000790a40000, 0x000000079167b7b8, 0x0000000792b80000)
  to   space 34048K,   0% used [0x0000000792b80000, 0x0000000792b80000, 0x0000000794cc0000)
 concurrent mark-sweep generation total 707840K, used 24032K [0x0000000794cc0000, 0x00000007c0000000, 0x00000007c0000000)
 Metaspace       used 27483K, capacity 27637K, committed 27860K, reserved 1073152K
  class space    used 3397K, capacity 3461K, committed 3532K, reserved 1048576K

