# JRE version: Java(TM) SE Runtime Environment (8.0_181-b13) (build 1.8.0_181-b13)
# Java VM: Java HotSpot(TM) 64-Bit Server VM (25.181-b13 mixed mode bsd-amd64 compressed oops)
Heap:
 par new generation   total 306688K, used 171331K [0x0000000780000000, 0x0000000794cc0000, 0x0000000794cc0000)
  eden space 272640K,  50% used [0x0000000780000000, 0x0000000788610db8, 0x0000000790a40000)
  from space 34048K, 100% used [0x0000000792b80000, 0x0000000794cc0000, 0x0000000794cc0000)
  to   space 34048K,   0% used [0x0000000790a40000, 0x0000000790a40000, 0x0000000792b80000)
 concurrent mark-sweep generation total 707840K, used 111070K [0x0000000794cc0000, 0x00000007c0000000, 0x00000007c0000000)
 Metaspace       used 32372K, capacity 32599K, committed 32876K, reserved 1079296K
  class space    used 3688K, capacity 3774K, committed 3788K, reserved 1048576K
GC Heap History (10 events):
Event: 26.566 GC heap before
{Heap before GC invocations=2 (full 1):
 par new generation   total 306688K, used 121144K [0x0000000780000000, 0x0000000794cc0000, 0x0000000794cc0000)
  eden space 272640K,  39% used [0x0000000780000000, 0x00000007869f2d50, 0x0000000790a40000)
  from space 34048K,  37% used [0x0000000790a40000, 0x000000079169b4a0, 0x0000000792b80000)
  to   space 34048K,   0% used [0x0000000792b80000, 0x0000000792b80000, 0x0000000794cc0000)
 concurrent mark-sweep generation total 707840K, used 24034K [0x0000000794cc0000, 0x00000007c0000000, 0x00000007c0000000)
 Metaspace       used 27807K, capacity 27957K, committed 28268K, reserved 1075200K
  class space    used 3398K, capacity 3461K, committed 3532K, reserved 1048576K
Event: 26.663 GC heap after
Heap after GC invocations=3 (full 2):
 par new generation   total 306688K, used 0K [0x0000000780000000, 0x0000000794cc0000, 0x0000000794cc0000)
  eden space 272640K,   0% used [0x0000000780000000, 0x0000000780000000, 0x0000000790a40000)
  from space 34048K,   0% used [0x0000000790a40000, 0x0000000790a40000, 0x0000000792b80000)
  to   space 34048K,   0% used [0x0000000792b80000, 0x0000000792b80000, 0x0000000794cc0000)
 concurrent mark-sweep generation total 707840K, used 25944K [0x0000000794cc0000, 0x00000007c0000000, 0x00000007c0000000)
 Metaspace       used 27807K, capacity 27957K, committed 28268K, reserved 1075200K
  class space    used 3398K, capacity 3461K, committed 3532K, reserved 1048576K
}
Event: 26.663 GC heap before
{Heap before GC invocations=3 (full 2):
 par new generation   total 306688K, used 0K [0x0000000780000000, 0x0000000794cc0000, 0x0000000794cc0000)
  eden space 272640K,   0% used [0x0000000780000000, 0x0000000780000000, 0x0000000790a40000)
  from space 34048K,   0% used [0x0000000790a40000, 0x0000000790a40000, 0x0000000792b80000)
  to   space 34048K,   0% used [0x0000000792b80000, 0x0000000792b80000, 0x0000000794cc0000)
 concurrent mark-sweep generation total 707840K, used 25944K [0x0000000794cc0000, 0x00000007c0000000, 0x00000007c0000000)
 Metaspace       used 27807K, capacity 27957K, committed 28268K, reserved 1075200K
  class space    used 3398K, capacity 3461K, committed 3532K, reserved 1048576K
Event: 26.713 GC heap after
Heap after GC invocations=4 (full 3):
 par new generation   total 306688K, used 0K [0x0000000780000000, 0x0000000794cc0000, 0x0000000794cc0000)
  eden space 272640K,   0% used [0x0000000780000000, 0x0000000780000000, 0x0000000790a40000)
  from space 34048K,   0% used [0x0000000790a40000, 0x0000000790a40000, 0x0000000792b80000)
  to   space 34048K,   0% used [0x0000000792b80000, 0x0000000792b80000, 0x0000000794cc0000)
 concurrent mark-sweep generation total 707840K, used 25944K [0x0000000794cc0000, 0x00000007c0000000, 0x00000007c0000000)
 Metaspace       used 27807K, capacity 27957K, committed 28268K, reserved 1075200K
  class space    used 3398K, capacity 3461K, committed 3532K, reserved 1048576K
}
Event: 27.910 GC heap before
{Heap before GC invocations=4 (full 3):
 par new generation   total 306688K, used 183143K [0x0000000780000000, 0x0000000794cc0000, 0x0000000794cc0000)
  eden space 272640K,  67% used [0x0000000780000000, 0x000000078b2d9e98, 0x0000000790a40000)
  from space 34048K,   0% used [0x0000000790a40000, 0x0000000790a40000, 0x0000000792b80000)
  to   space 34048K,   0% used [0x0000000792b80000, 0x0000000792b80000, 0x0000000794cc0000)
 concurrent mark-sweep generation total 707840K, used 25944K [0x0000000794cc0000, 0x00000007c0000000, 0x00000007c0000000)
 Metaspace       used 30296K, capacity 30535K, committed 30828K, reserved 1077248K
  class space    used 3658K, capacity 3734K, committed 3788K, reserved 1048576K
Event: 27.964 GC heap after
Heap after GC invocations=5 (full 3):
 par new generation   total 306688K, used 34048K [0x0000000780000000, 0x0000000794cc0000, 0x0000000794cc0000)
  eden space 272640K,   0% used [0x0000000780000000, 0x0000000780000000, 0x0000000790a40000)
  from space 34048K, 100% used [0x0000000792b80000, 0x0000000794cc0000, 0x0000000794cc0000)
  to   space 34048K,   0% used [0x0000000790a40000, 0x0000000790a40000, 0x0000000792b80000)
 concurrent mark-sweep generation total 707840K, used 49605K [0x0000000794cc0000, 0x00000007c0000000, 0x00000007c0000000)
 Metaspace       used 30296K, capacity 30535K, committed 30828K, reserved 1077248K
  class space    used 3658K, capacity 3734K, committed 3788K, reserved 1048576K
}
Event: 28.839 GC heap before
{Heap before GC invocations=5 (full 4):
 par new generation   total 306688K, used 306688K [0x0000000780000000, 0x0000000794cc0000, 0x0000000794cc0000)
  eden space 272640K, 100% used [0x0000000780000000, 0x0000000790a40000, 0x0000000790a40000)
  from space 34048K, 100% used [0x0000000792b80000, 0x0000000794cc0000, 0x0000000794cc0000)
  to   space 34048K,   0% used [0x0000000790a40000, 0x0000000790a40000, 0x0000000792b80000)
 concurrent mark-sweep generation total 707840K, used 49605K [0x0000000794cc0000, 0x00000007c0000000, 0x00000007c0000000)
 Metaspace       used 31150K, capacity 31377K, committed 31596K, reserved 1077248K
  class space    used 3678K, capacity 3773K, committed 3788K, reserved 1048576K
Event: 28.913 GC heap after
Heap after GC invocations=6 (full 4):
 par new generation   total 306688K, used 33237K [0x0000000780000000, 0x0000000794cc0000, 0x0000000794cc0000)
  eden space 272640K,   0% used [0x0000000780000000, 0x0000000780000000, 0x0000000790a40000)
  from space 34048K,  97% used [0x0000000790a40000, 0x0000000792ab5518, 0x0000000792b80000)
  to   space 34048K,   0% used [0x0000000792b80000, 0x0000000792b80000, 0x0000000794cc0000)
 concurrent mark-sweep generation total 707840K, used 83603K [0x0000000794cc0000, 0x00000007c0000000, 0x00000007c0000000)
 Metaspace       used 31150K, capacity 31377K, committed 31596K, reserved 1077248K
  class space    used 3678K, capacity 3773K, committed 3788K, reserved 1048576K
}
Event: 40.491 GC heap before
{Heap before GC invocations=6 (full 4):
 par new generation   total 306688K, used 300832K [0x0000000780000000, 0x0000000794cc0000, 0x0000000794cc0000)
  eden space 272640K,  98% used [0x0000000780000000, 0x0000000790552c18, 0x0000000790a40000)
  from space 34048K,  97% used [0x0000000790a40000, 0x0000000792ab5518, 0x0000000792b80000)
  to   space 34048K,   0% used [0x0000000792b80000, 0x0000000792b80000, 0x0000000794cc0000)
 concurrent mark-sweep generation total 707840K, used 82275K [0x0000000794cc0000, 0x00000007c0000000, 0x00000007c0000000)
 Metaspace       used 32222K, capacity 32471K, committed 32620K, reserved 1079296K
  class space    used 3688K, capacity 3774K, committed 3788K, reserved 1048576K
Event: 40.540 GC heap after
Heap after GC invocations=7 (full 4):
 par new generation   total 306688K, used 34048K [0x0000000780000000, 0x0000000794cc0000, 0x0000000794cc0000)
  eden space 272640K,   0% used [0x0000000780000000, 0x0000000780000000, 0x0000000790a40000)
  from space 34048K, 100% used [0x0000000792b80000, 0x0000000794cc0000, 0x0000000794cc0000)
  to   space 34048K,   0% used [0x0000000790a40000, 0x0000000790a40000, 0x0000000792b80000)
 concurrent mark-sweep generation total 707840K, used 111070K [0x0000000794cc0000, 0x00000007c0000000, 0x00000007c0000000)
 Metaspace       used 32222K, capacity 32471K, committed 32620K, reserved 1079296K
  class space    used 3688K, capacity 3774K, committed 3788K, reserved 1048576K
}

