# JRE version: Java(TM) SE Runtime Environment (8.0_181-b13) (build 1.8.0_181-b13)
# Java VM: Java HotSpot(TM) 64-Bit Server VM (25.181-b13 mixed mode bsd-amd64 compressed oops)
Heap:
 par new generation   total 306688K, used 92692K [0x0000000780000000, 0x0000000794cc0000, 0x0000000794cc0000)
  eden space 272640K,  28% used [0x0000000780000000, 0x0000000784c2d1d0, 0x0000000790a40000)
  from space 34048K,  43% used [0x0000000792b80000, 0x00000007939d80c0, 0x0000000794cc0000)
  to   space 34048K,   0% used [0x0000000790a40000, 0x0000000790a40000, 0x0000000792b80000)
 concurrent mark-sweep generation total 707840K, used 115981K [0x0000000794cc0000, 0x00000007c0000000, 0x00000007c0000000)
 Metaspace       used 32288K, capacity 32479K, committed 32928K, reserved 1079296K
  class space    used 3673K, capacity 3738K, committed 3860K, reserved 1048576K
GC Heap History (10 events):
Event: 167.003 GC heap before
{Heap before GC invocations=9 (full 6):
 par new generation   total 306688K, used 295904K [0x0000000780000000, 0x0000000794cc0000, 0x0000000794cc0000)
  eden space 272640K, 100% used [0x0000000780000000, 0x0000000790a40000, 0x0000000790a40000)
  from space 34048K,  68% used [0x0000000790a40000, 0x00000007920f81e0, 0x0000000792b80000)
  to   space 34048K,   0% used [0x0000000792b80000, 0x0000000792b80000, 0x0000000794cc0000)
 concurrent mark-sweep generation total 707840K, used 107443K [0x0000000794cc0000, 0x00000007c0000000, 0x00000007c0000000)
 Metaspace       used 32199K, capacity 32409K, committed 32672K, reserved 1079296K
  class space    used 3672K, capacity 3737K, committed 3860K, reserved 1048576K
Event: 167.018 GC heap after
Heap after GC invocations=10 (full 6):
 par new generation   total 306688K, used 18757K [0x0000000780000000, 0x0000000794cc0000, 0x0000000794cc0000)
  eden space 272640K,   0% used [0x0000000780000000, 0x0000000780000000, 0x0000000790a40000)
  from space 34048K,  55% used [0x0000000792b80000, 0x0000000793dd14a8, 0x0000000794cc0000)
  to   space 34048K,   0% used [0x0000000790a40000, 0x0000000790a40000, 0x0000000792b80000)
 concurrent mark-sweep generation total 707840K, used 107443K [0x0000000794cc0000, 0x00000007c0000000, 0x00000007c0000000)
 Metaspace       used 32199K, capacity 32409K, committed 32672K, reserved 1079296K
  class space    used 3672K, capacity 3737K, committed 3860K, reserved 1048576K
}
Event: 208.017 GC heap before
{Heap before GC invocations=10 (full 6):
 par new generation   total 306688K, used 291397K [0x0000000780000000, 0x0000000794cc0000, 0x0000000794cc0000)
  eden space 272640K, 100% used [0x0000000780000000, 0x0000000790a40000, 0x0000000790a40000)
  from space 34048K,  55% used [0x0000000792b80000, 0x0000000793dd14a8, 0x0000000794cc0000)
  to   space 34048K,   0% used [0x0000000790a40000, 0x0000000790a40000, 0x0000000792b80000)
 concurrent mark-sweep generation total 707840K, used 107443K [0x0000000794cc0000, 0x00000007c0000000, 0x00000007c0000000)
 Metaspace       used 32218K, capacity 32409K, committed 32672K, reserved 1079296K
  class space    used 3672K, capacity 3737K, committed 3860K, reserved 1048576K
Event: 208.043 GC heap after
Heap after GC invocations=11 (full 6):
 par new generation   total 306688K, used 22243K [0x0000000780000000, 0x0000000794cc0000, 0x0000000794cc0000)
  eden space 272640K,   0% used [0x0000000780000000, 0x0000000780000000, 0x0000000790a40000)
  from space 34048K,  65% used [0x0000000790a40000, 0x0000000791ff8de0, 0x0000000792b80000)
  to   space 34048K,   0% used [0x0000000792b80000, 0x0000000792b80000, 0x0000000794cc0000)
 concurrent mark-sweep generation total 707840K, used 107443K [0x0000000794cc0000, 0x00000007c0000000, 0x00000007c0000000)
 Metaspace       used 32218K, capacity 32409K, committed 32672K, reserved 1079296K
  class space    used 3672K, capacity 3737K, committed 3860K, reserved 1048576K
}
Event: 255.704 GC heap before
{Heap before GC invocations=11 (full 6):
 par new generation   total 306688K, used 294883K [0x0000000780000000, 0x0000000794cc0000, 0x0000000794cc0000)
  eden space 272640K, 100% used [0x0000000780000000, 0x0000000790a40000, 0x0000000790a40000)
  from space 34048K,  65% used [0x0000000790a40000, 0x0000000791ff8de0, 0x0000000792b80000)
  to   space 34048K,   0% used [0x0000000792b80000, 0x0000000792b80000, 0x0000000794cc0000)
 concurrent mark-sweep generation total 707840K, used 107443K [0x0000000794cc0000, 0x00000007c0000000, 0x00000007c0000000)
 Metaspace       used 32244K, capacity 32473K, committed 32672K, reserved 1079296K
  class space    used 3672K, capacity 3737K, committed 3860K, reserved 1048576K
Event: 255.725 GC heap after
Heap after GC invocations=12 (full 6):
 par new generation   total 306688K, used 19881K [0x0000000780000000, 0x0000000794cc0000, 0x0000000794cc0000)
  eden space 272640K,   0% used [0x0000000780000000, 0x0000000780000000, 0x0000000790a40000)
  from space 34048K,  58% used [0x0000000792b80000, 0x0000000793eea7e0, 0x0000000794cc0000)
  to   space 34048K,   0% used [0x0000000790a40000, 0x0000000790a40000, 0x0000000792b80000)
 concurrent mark-sweep generation total 707840K, used 107443K [0x0000000794cc0000, 0x00000007c0000000, 0x00000007c0000000)
 Metaspace       used 32244K, capacity 32473K, committed 32672K, reserved 1079296K
  class space    used 3672K, capacity 3737K, committed 3860K, reserved 1048576K
}
Event: 286.466 GC heap before
{Heap before GC invocations=12 (full 6):
 par new generation   total 306688K, used 285405K [0x0000000780000000, 0x0000000794cc0000, 0x0000000794cc0000)
  eden space 272640K,  97% used [0x0000000780000000, 0x000000079034ce70, 0x0000000790a40000)
  from space 34048K,  58% used [0x0000000792b80000, 0x0000000793eea7e0, 0x0000000794cc0000)
  to   space 34048K,   0% used [0x0000000790a40000, 0x0000000790a40000, 0x0000000792b80000)
 concurrent mark-sweep generation total 707840K, used 107443K [0x0000000794cc0000, 0x00000007c0000000, 0x00000007c0000000)
 Metaspace       used 32273K, capacity 32473K, committed 32672K, reserved 1079296K
  class space    used 3673K, capacity 3737K, committed 3860K, reserved 1048576K
Event: 286.483 GC heap after
Heap after GC invocations=13 (full 6):
 par new generation   total 306688K, used 24474K [0x0000000780000000, 0x0000000794cc0000, 0x0000000794cc0000)
  eden space 272640K,   0% used [0x0000000780000000, 0x0000000780000000, 0x0000000790a40000)
  from space 34048K,  71% used [0x0000000790a40000, 0x00000007922268b8, 0x0000000792b80000)
  to   space 34048K,   0% used [0x0000000792b80000, 0x0000000792b80000, 0x0000000794cc0000)
 concurrent mark-sweep generation total 707840K, used 107443K [0x0000000794cc0000, 0x00000007c0000000, 0x00000007c0000000)
 Metaspace       used 32273K, capacity 32473K, committed 32672K, reserved 1079296K
  class space    used 3673K, capacity 3737K, committed 3860K, reserved 1048576K
}
Event: 322.137 GC heap before
{Heap before GC invocations=13 (full 6):
 par new generation   total 306688K, used 297114K [0x0000000780000000, 0x0000000794cc0000, 0x0000000794cc0000)
  eden space 272640K, 100% used [0x0000000780000000, 0x0000000790a40000, 0x0000000790a40000)
  from space 34048K,  71% used [0x0000000790a40000, 0x00000007922268b8, 0x0000000792b80000)
  to   space 34048K,   0% used [0x0000000792b80000, 0x0000000792b80000, 0x0000000794cc0000)
 concurrent mark-sweep generation total 707840K, used 107443K [0x0000000794cc0000, 0x00000007c0000000, 0x00000007c0000000)
 Metaspace       used 32282K, capacity 32479K, committed 32928K, reserved 1079296K
  class space    used 3673K, capacity 3738K, committed 3860K, reserved 1048576K
Event: 322.235 GC heap after
Heap after GC invocations=14 (full 6):
 par new generation   total 306688K, used 14688K [0x0000000780000000, 0x0000000794cc0000, 0x0000000794cc0000)
  eden space 272640K,   0% used [0x0000000780000000, 0x0000000780000000, 0x0000000790a40000)
  from space 34048K,  43% used [0x0000000792b80000, 0x00000007939d80c0, 0x0000000794cc0000)
  to   space 34048K,   0% used [0x0000000790a40000, 0x0000000790a40000, 0x0000000792b80000)
 concurrent mark-sweep generation total 707840K, used 115981K [0x0000000794cc0000, 0x00000007c0000000, 0x00000007c0000000)
 Metaspace       used 32282K, capacity 32479K, committed 32928K, reserved 1079296K
  class space    used 3673K, capacity 3738K, committed 3860K, reserved 1048576K
}

